

 Parallel Execution: Process Information
 ==============================================================================
 Rank   Node Name                              NodeID   MyNodeRank  NodeMaster
    0   node130                                   0          0          0
    1   node130                                   0          1         -1
    2   node130                                   0          2         -1
    3   node130                                   0          3         -1
    4   node130                                   0          4         -1
    5   node130                                   0          5         -1
    6   node130                                   0          6         -1
    7   node130                                   0          7         -1
 ==============================================================================



ATOMS
1 C       0.000002547840      -0.000000002036       0.736500000000
2 C       0.000002547840      -0.000000002036      -0.736500000000
3 H       0.000002547829      -0.937683066529       1.283456043580
4 H       0.000002547852       0.937683090771       1.283456005072
5 H       0.000002547829      -0.937683066529      -1.283456043580
6 H       0.000002547852       0.937683090771      -1.283456005072
END

GUIBONDS
1 1 3 1.0
2 1 4 1.0
3 1 2 1.0
4 2 5 1.0
5 2 6 1.0
END

NOPRINT LOGFILE

Fragments
H t21.H
C t21.C
End
end input

 *******************************************************************************
 *                                                                             *
 *  -------------------------------------                                      *
 *   Amsterdam Density Functional  (ADF)         2016                          *
 *  -------------------------------------                                      *
 *                                               r52212 2016-04-25             *
 *                                                                             *
 *                                                                             *
 *                              =================                              *
 *                              |               |                              *
 *                              |     A D F     |                              *
 *                              |               |                              *
 *                              =================                              *
 *                                                                             *
 *                                                                             *
 *   Online information and documentation:  http://www.scm.com                 *
 *   E-mail:  support@scm.com   info@scm.com                                   *
 *                                                                             *
 *   Scientific publications using ADF results must be properly referenced     *
 *   See the User Manuals (or the web site) for recommended citations          *
 *   The terms and conditions of the End User License Agreement apply to       *
 *   the use of ADF, http://www.scm.com/Sales/LicAgreement.html                *
 *                                                                             *
 **********************  x86_64_linux_intel / intelmpi  ************************
 
 Licensed to: VU/FEW (+ SARA) / ALGEMEEN / Amsterdam / THE NETHERLANDS
 SCM User ID: u7668
  
 ADF 2016  RunTime: Jan26-2017 17:07:55  Nodes: 1  Procs: 8

 Temporary files are created in /tmp/kid_0.7jyrRr


Communication costs MPI_COMM_WORLD:      3.127 usec per message,   0.0397 usec per 8-byte item
Communication costs for intra-node:      3.091 usec per message,   0.0397 usec per 8-byte item

 *** (NO TITLE) ***



 ===========================
 A T T A C H E D   F I L E S
 ===========================
  



 ===============================
 M O D E L   P A R A M E T E R S
 ===============================
  
 DENSITY FUNCTIONAL POTENTIAL (scf)
    LDA:                               VWN                                      
    Gradient Corrections:              ---                                      

 SPIN  (restricted / unrestr.)
    Molecule:                          Restricted                               
    Fragments:                         Restricted                               

 OTHER ASPECTS
    Relativistic Corrections:          ---                                      

    Nuclear Charge Density Model:      Point Charge Nuclei                                                                                                                                                                                     
    Core Treatment:                    Frozen Orbital(s)                        

    Hyperfine or Zeeman Interaction:   ---                                      


 Fragment File(s)
 ----------------
 C:
         file : t21.C
         jobid: ADF 2016  RunTime: Jan26-2017 17:07:54  Nodes: 1  Procs: 1
         title: Carbon (DZ, 1s frozen)
 H:
         file : t21.H
         jobid: ADF 2016  RunTime: Jan26-2017 17:07:53  Nodes: 1  Procs: 1
         title: Hydrogen (DZ)



                                        ************************************
                                        *  R U N   T Y P E : SINGLE POINT  *
                                        ************************************
  



 ===============
 G E O M E T R Y  ***  Planar Molecule  ***
 ===============
  

 ATOMS
 =====                            X Y Z                    CHARGE
                                (Angstrom)             Nucl     +Core       At.Mass
                       --------------------------    ----------------       -------
    1  C               0.0000    0.0000    0.7365      6.00      4.00       12.0000
    2  C               0.0000    0.0000   -0.7365      6.00      4.00       12.0000
    3  H               0.0000   -0.9377    1.2835      1.00      1.00        1.0078
    4  H               0.0000    0.9377    1.2835      1.00      1.00        1.0078
    5  H               0.0000   -0.9377   -1.2835      1.00      1.00        1.0078
    6  H               0.0000    0.9377   -1.2835      1.00      1.00        1.0078


 FRAGMENTS
 =========                                     Atoms in this Fragment     Cart. coord.s (Angstrom)
                                               -------------------------------------------------------
    1  C                                                 1  C            0.0000    0.0000    0.7365
    2  C                                                 2  C            0.0000    0.0000   -0.7365
    3  H                                                 3  H            0.0000   -0.9377    1.2835
    4  H                                                 4  H            0.0000    0.9377    1.2835
    5  H                                                 5  H            0.0000   -0.9377   -1.2835
    6  H                                                 6  H            0.0000    0.9377   -1.2835


 Interatomic Distance Matrix (Angstrom)
 --------------------------------------

   1)     0.000
   2)     1.473   0.000
   3)     1.086   2.227   0.000
   4)     1.086   2.227   1.875   0.000
   5)     2.227   1.086   2.567   3.179   0.000
   6)     2.227   1.086   3.179   2.567   1.875   0.000

 Min. Distance =    1.0855
 Max. Distance =    3.1790



 =====================================
 S Y M M E T R Y ,   E L E C T R O N S
 =====================================
  
 Symmetry: D(2H)

 Irreducible Representations, including subspecies
 -------------------------------------------------
 A.g
 B1.g
 B2.g
 B3.g
 A.u
 B1.u
 B2.u
 B3.u


 Configuration of Valence Electrons
 ==================================
 ( determined in the SCF procedure )

 Total:   12

 Net Charge: 0 (Nuclei minus Electrons)

 Aufbau principle for MO occupations will be applied through SCF cycle no.     150
 Thereafter, the program will assign electrons to MOs that are spatially
 similar to the occupied MOs in a "reference" cycle ("KeepOrbitals").
 The reference cycle is always the PREVIOUS cycle: it will evolve with
 the SCF procedure.
1
 ***************************************************************************************************



                                      ****************************************
                                      *  B U I L D : (Fragments, Functions)  *
                                      ****************************************
  



 =======
 S F O s  ***  (Symmetrized Fragment Orbitals)  ***
 =======
  
 SFOs are linear combinations of (valence) Fragment Orbitals (FOs), such that the SFOs transform as the
 irreducible representations of the (molecular) symmetry group. Each SFO is therefore characterized by
 an irrep of the molecule and by a few (or only one) generating FOs.
 The SFOs constitute a symmetry-adapted basis for the Fock matrix. The MO eigenvector coefficients in
 this basis provide a direct interpretation of the MOs in terms of Frontier Orbital Theory.

 The SFOs are combined with auxiliary Core Functions (CFs) to ensure orthogonalization on the (frozen)
 Core Orbitals (COs). The Core-orthogonalized SFOs (CSFOs) constitute the true Fock basis.

 The FOs, and hence also the (C)SFOs are combinations of the elementary basis functions (BAS). The basis
 functions that participate in the description of the SFOs depend on the irrep. The indices of the
 involved functions are printed below for each irrep.
 (The complete list of primitive basis functions is printed in another section)

 Total nr. of (C)SFOs (summation over all irreps) :    24

 NOTE: a (C)SFO that is defined as a combination of more than one FO is usually NOT normalized.



                                       === A.g ===
 Nr. of SFOs :    6
 Cartesian basis functions that participate in this irrep (total number =    18) :
      1    10     2    11     3    12     6    15     9    18
     19    21    23    25    20    22    24    26

    SFO  (index         Fragment          Generating    Expansion in Fragment Orbitals
  indx  incl.CFs)   Occup   Orb.Energy   FragmentType  Coeff.   Orbital     on Fragment
 --------------------------------------------------------------------------------------
     1       3      2.000      -0.508 au  C             0.71      1 S               1
                        (     -13.814 eV)               0.71      1 S               2
     2       4       --         0.470 au  C             0.71      2 S               1
                        (      12.782 eV)               0.71      2 S               2
     3       5      0.667      -0.206 au  C             0.71      1 P:z             1
                        (      -5.600 eV)              -0.71      1 P:z             2
     4       6       --         0.432 au  C             0.71      2 P:z             1
                        (      11.757 eV)              -0.71      2 P:z             2
     5       7      1.000      -0.234 au  H             0.50      1 S               3
                        (      -6.379 eV)               0.50      1 S               4
                                                        0.50      1 S               5
                                                        0.50      1 S               6
     6       8       --         0.403 au  H             0.50      2 S               3
                        (      10.964 eV)               0.50      2 S               4
                                                        0.50      2 S               5
                                                        0.50      2 S               6



                                       === B2.g ===
 Nr. of SFOs :    2
 Cartesian basis functions that participate in this irrep (total number =     4) :
      4    13     7    16

    SFO  (index         Fragment          Generating    Expansion in Fragment Orbitals
  indx  incl.CFs)   Occup   Orb.Energy   FragmentType  Coeff.   Orbital     on Fragment
 --------------------------------------------------------------------------------------
     1       1      0.667      -0.206 au  C             0.71      1 P:x             1
                        (      -5.600 eV)              -0.71      1 P:x             2
     2       2       --         0.432 au  C             0.71      2 P:x             1
                        (      11.757 eV)              -0.71      2 P:x             2



                                       === B3.g ===
 Nr. of SFOs :    4
 Cartesian basis functions that participate in this irrep (total number =    12) :
      5    14     8    17    19    21    23    25    20    22
     24    26

    SFO  (index         Fragment          Generating    Expansion in Fragment Orbitals
  indx  incl.CFs)   Occup   Orb.Energy   FragmentType  Coeff.   Orbital     on Fragment
 --------------------------------------------------------------------------------------
     1       1      0.667      -0.206 au  C             0.71      1 P:y             1
                        (      -5.600 eV)              -0.71      1 P:y             2
     2       2       --         0.432 au  C             0.71      2 P:y             1
                        (      11.757 eV)              -0.71      2 P:y             2
     3       3      1.000      -0.234 au  H             0.50      1 S               3
                        (      -6.379 eV)              -0.50      1 S               4
                                                       -0.50      1 S               5
                                                        0.50      1 S               6
     4       4       --         0.403 au  H             0.50      2 S               3
                        (      10.964 eV)              -0.50      2 S               4
                                                       -0.50      2 S               5
                                                        0.50      2 S               6



                                       === B1.u ===
 Nr. of SFOs :    6
 Cartesian basis functions that participate in this irrep (total number =    18) :
      1    10     2    11     3    12     6    15     9    18
     19    21    23    25    20    22    24    26

    SFO  (index         Fragment          Generating    Expansion in Fragment Orbitals
  indx  incl.CFs)   Occup   Orb.Energy   FragmentType  Coeff.   Orbital     on Fragment
 --------------------------------------------------------------------------------------
     1       3      2.000      -0.508 au  C             0.71      1 S               1
                        (     -13.814 eV)              -0.71      1 S               2
     2       4       --         0.470 au  C             0.71      2 S               1
                        (      12.782 eV)              -0.71      2 S               2
     3       5      0.667      -0.206 au  C             0.71      1 P:z             1
                        (      -5.600 eV)               0.71      1 P:z             2
     4       6       --         0.432 au  C             0.71      2 P:z             1
                        (      11.757 eV)               0.71      2 P:z             2
     5       7      1.000      -0.234 au  H             0.50      1 S               3
                        (      -6.379 eV)               0.50      1 S               4
                                                       -0.50      1 S               5
                                                       -0.50      1 S               6
     6       8       --         0.403 au  H             0.50      2 S               3
                        (      10.964 eV)               0.50      2 S               4
                                                       -0.50      2 S               5
                                                       -0.50      2 S               6



                                       === B2.u ===
 Nr. of SFOs :    4
 Cartesian basis functions that participate in this irrep (total number =    12) :
      5    14     8    17    19    21    23    25    20    22
     24    26

    SFO  (index         Fragment          Generating    Expansion in Fragment Orbitals
  indx  incl.CFs)   Occup   Orb.Energy   FragmentType  Coeff.   Orbital     on Fragment
 --------------------------------------------------------------------------------------
     1       1      0.667      -0.206 au  C             0.71      1 P:y             1
                        (      -5.600 eV)               0.71      1 P:y             2
     2       2       --         0.432 au  C             0.71      2 P:y             1
                        (      11.757 eV)               0.71      2 P:y             2
     3       3      1.000      -0.234 au  H             0.50      1 S               3
                        (      -6.379 eV)              -0.50      1 S               4
                                                        0.50      1 S               5
                                                       -0.50      1 S               6
     4       4       --         0.403 au  H             0.50      2 S               3
                        (      10.964 eV)              -0.50      2 S               4
                                                        0.50      2 S               5
                                                       -0.50      2 S               6



                                       === B3.u ===
 Nr. of SFOs :    2
 Cartesian basis functions that participate in this irrep (total number =     4) :
      4    13     7    16

    SFO  (index         Fragment          Generating    Expansion in Fragment Orbitals
  indx  incl.CFs)   Occup   Orb.Energy   FragmentType  Coeff.   Orbital     on Fragment
 --------------------------------------------------------------------------------------
     1       1      0.667      -0.206 au  C             0.71      1 P:x             1
                        (      -5.600 eV)               0.71      1 P:x             2
     2       2       --         0.432 au  C             0.71      2 P:x             1
                        (      11.757 eV)               0.71      2 P:x             2



 ================================
 (Slater-type)  F U N C T I O N S  ***  (Basis and Fit)  ***
 ================================
  

 Atom Type    1  (C)
 ==============

 Valence Basis Sets:   5
 -----------------------
   1 S    5.400000
   2 S    1.240000
   2 S    1.980000
   2 P    0.960000
   2 P    2.200000

 Frozen Core Shells
 ------------------
    S:  1

 Atom Type    2  (H)
 ==============

 Valence Basis Sets:   2
 -----------------------
   1 S    0.760000
   1 S    1.280000


 BAS: List of all Elementary Cartesian Basis Functions
 =====================================================

 The numbering in the list below (to the right of the function characteristics) is referred
 to in print-outs of MO eigenvectors and Mulliken populations in the BAS representation
 (as contrasted to the SFO representation).

 Notes:
 1. The functions are characterized by a polynomial prefactor (powers of x,y,z and r) and
    an exponential decay factor alpha.
 2. Since the basis sets are specific for an atom TYPE, the individual functions occur on
    all atoms of that type.
 3. The word 'Core' in the left margin signals that it is a Core Function (CF) : not a
    degree of freedom in the valence set, but only used to ensure orthogonalization of
    the other valence basis functions on the frozen Core Orbitals.


 (power of) X  Y  Z  R     Alpha  on Atom
            ==========     =====     ==========

 C                                    1    2
                                  ---------------------------------------------------------------------------
    Core    0  0  0  0     5.400      1   10
            0  0  0  1     1.240      2   11
            0  0  0  1     1.980      3   12
            1  0  0  0     0.960      4   13
            0  1  0  0     0.960      5   14
            0  0  1  0     0.960      6   15
            1  0  0  0     2.200      7   16
            0  1  0  0     2.200      8   17
            0  0  1  0     2.200      9   18

 H                                    3    4    5    6
                                  ---------------------------------------------------------------------------
            0  0  0  0     0.760     19   21   23   25
            0  0  0  0     1.280     20   22   24   26

 Total number of charge fitting functions (nprimf)       364
 Total number of Cartesian basis functions (naos)         26
 Total number of Cartesian core functions  (ncos)          2

1
 ***************************************************************************************************



                                              ***********************
                                              *  T E C H N I C A L  *
                                              ***********************
  



 =============================================================
 P A R A L L E L I Z A T I O N  and  V E C T O R I Z A T I O N
 =============================================================
  
 Nr of parallel processes:                                8
 Maximum vector length in NumInt loops:                 128

 IO buffersize (Mb):                                     64.000000



 =====================
 S C F   U P D A T E S
 =====================
  
 Max. nr. of cycles:                               300
 Convergence criterion:                              0.0000010000
   secondary criterion:                              0.0010000000

 Mix parameter (when DIIS does not apply):           0.2000000000
 Mixed ADIIS+DIIS will be used
    Max number of expansion vectors:                10
    Pure ADIIS when Max([F,P]) is above              0.1000000000
    Pure DIIS when Max([F,P]) is below               0.0010000000
 Automatic ElectronSmearing (in case of problematic SCF convergence) disabled



 =================
 P R E C I S I O N  ***  (General: NumInt, NeglectFunctionTails, ...)  ***
 =================
  

 NumInt:           Target precision:                 4.0000000000
 -------           Initial precision:                4.0000000000
                   Min. precision (optimization):    4.0000000000

 Neglect Functions:          Basis functions:        0.1000000000E-05
 ------------------          Fit functions:          0.1000000000E-05



 ===========================
 L I N E A R   S C A L I N G
 ===========================
  

 Cut-off radii density fit:                        0.1000000000E-07
 Overlap cut-off criterion AO matrix elements:     0.1000000000E-05
 Cut-offs for Coulomb potential and fitted density:0.1000000000E-07
 Cut-off criterion for Coulomb multipole terms:    0.1000000000E-07
 Progressive Convergence parameter:                 0.000000000    
1
 ***************************************************************************************************



                                            ***************************
                                            *  C O M P U T A T I O N  *
                                            ***************************
  

 Number of elements of the density matrix on this node (used, total):        45       351



 ===========================================
 Numerical Integration : Fuzzy Cells (Becke)
 ===========================================
  
 Becke grid quality: NORMAL         
  
 Lebedev angular grid order:             min:  11 max:  23
 Nr. of radial points:                   min:  46 max:  49

 Total nr. of points:       5158
 Nr. of blocks:               41
 Block length:               126
 Nr. of dummy points:          8


 Test of Precision of the Numerical Integration Grid
 ===================================================

 Integral of the Total Core Density:                   4.00000108975690
 Relative Error:                                       2.724E-07



 ========================
 Density Fitting (zlmFit)
 ========================
  
 ZlmFit Fit Quality: NORMAL         
  
 Max L-expansion:                        min:   4 max:   5
 Nr. of radial interpolation points:     min:  36 max:  42



 =====
 S C F  ***  ScaSCF  ***
 =====
  
 Initial density matrix is calculated as sum of fragments

 CYCLE    1
 SCF Error: norm([F,P])=      0.928452064958, max([F,P])=      0.425062635783
 orbitals (Q,E):
 ---------------
 A.g :1...6          ( 2.00    -0.8588)  ( 2.00    -0.5589)  ( 0.00    -0.0450)  ( 0.00     0.3788)
                     ( 0.00     0.4015)  ( 0.00     0.8258)
 B2.g :1...2         ( 0.00    -0.2262)  ( 0.00     0.4699)
 B3.g :1...4         ( 2.00    -0.5047)  ( 0.00     0.0806)  ( 0.00     0.7003)  ( 0.00     1.2726)
 B1.u :1...6         ( 2.00    -0.7092)  ( 0.00    -0.0158)  ( 0.00     0.0962)  ( 0.00     0.3611)
                     ( 0.00     0.7586)  ( 0.00     1.3078)
 B2.u :1...4         ( 2.00    -0.5968)  ( 0.00    -0.0111)  ( 0.00     0.2984)  ( 0.00     0.7307)
 B3.u :1...2         ( 2.00    -0.3961)  ( 0.00     0.3228)

 CYCLE    2
  SDIIS (wt  0.000):  0.3702  0.6298
 A-DIIS (wt  1.000):  0.0000  1.0000
  DIIS coefficients:  0.0000  1.0000
 SCF Error: norm([F,P])=      0.628114537466, max([F,P])=      0.270955276882
 orbitals (Q,E):
 ---------------
 A.g :1...3          ( 2.00    -0.5386)  ( 2.00    -0.2363)  ( 0.00     0.0759)
 B2.g :1...1         ( 0.00     0.0460)
 B3.g :1...2         ( 2.00    -0.2552)  ( 0.00     0.2467)
 B1.u :1...2         ( 2.00    -0.4370)  ( 0.00     0.1179)
 B2.u :1...2         ( 2.00    -0.3297)  ( 0.00     0.1451)
 B3.u :1...2         ( 2.00    -0.1263)  ( 0.00     0.5870)

 CYCLE    3
  SDIIS (wt  0.000):  0.0240  0.5560  0.4200
 A-DIIS (wt  1.000):  0.0000  0.6157  0.3843
  DIIS coefficients:  0.0000  0.6157  0.3843
 SCF Error: norm([F,P])=      0.805849772392, max([F,P])=      0.331042040900
 orbitals (Q,E):
 ---------------
 A.g :1...3          ( 2.00    -0.6648)  ( 2.00    -0.3635)  ( 0.00     0.0344)
 B2.g :1...1         ( 0.00    -0.0618)
 B3.g :1...2         ( 2.00    -0.3328)  ( 0.00     0.1860)
 B1.u :1...2         ( 2.00    -0.5315)  ( 0.00     0.0733)
 B2.u :1...2         ( 2.00    -0.4202)  ( 0.00     0.0885)
 B3.u :1...2         ( 2.00    -0.2357)  ( 0.00     0.4633)

 CYCLE    4
  SDIIS (wt  0.632):  0.0995 -0.0242  0.9248
 A-DIIS (wt  0.368):  0.0000  0.0000  1.0000
  DIIS coefficients:  0.0629 -0.0153  0.9524
 SCF Error: norm([F,P])=      0.088513823127, max([F,P])=      0.037438785386
 orbitals (Q,E):
 ---------------
 A.g :1...3          ( 2.00    -0.6869)  ( 2.00    -0.3857)  ( 0.00     0.0258)
 B2.g :1...1         ( 0.00    -0.0812)
 B3.g :1...2         ( 2.00    -0.3492)  ( 0.00     0.1735)
 B1.u :1...2         ( 2.00    -0.5503)  ( 0.00     0.0635)
 B2.u :1...2         ( 2.00    -0.4379)  ( 0.00     0.0775)
 B3.u :1...2         ( 2.00    -0.2543)  ( 0.00     0.4428)

 CYCLE    5
  SDIIS (wt  0.838):  0.0262  0.0105  0.3659  0.5973
 A-DIIS (wt  0.162):  0.0000  0.0000  0.1782  0.8218
  DIIS coefficients:  0.0220  0.0088  0.3354  0.6338
 SCF Error: norm([F,P])=      0.040949306705, max([F,P])=      0.017084579317
 orbitals (Q,E):
 ---------------
 A.g :1...3          ( 2.00    -0.6792)  ( 2.00    -0.3783)  ( 0.00     0.0279)
 B2.g :1...1         ( 0.00    -0.0745)
 B3.g :1...2         ( 2.00    -0.3446)  ( 0.00     0.1768)
 B1.u :1...2         ( 2.00    -0.5446)  ( 0.00     0.0659)
 B2.u :1...2         ( 2.00    -0.4325)  ( 0.00     0.0804)
 B3.u :1...2         ( 2.00    -0.2476)  ( 0.00     0.4495)

 CYCLE    6
  SDIIS (wt  0.991): -0.0008  0.0012  0.0229  0.1701  0.8066
 A-DIIS (wt  0.009):  0.0000  0.0000  0.0000  0.0000  1.0000
  DIIS coefficients: -0.0008  0.0011  0.0227  0.1685  0.8084
 SCF Error: norm([F,P])=      0.004405726227, max([F,P])=      0.001927288926
 orbitals (Q,E):
 ---------------
 A.g :1...3          ( 2.00    -0.6800)  ( 2.00    -0.3790)  ( 0.00     0.0277)
 B2.g :1...1         ( 0.00    -0.0752)
 B3.g :1...2         ( 2.00    -0.3450)  ( 0.00     0.1764)
 B1.u :1...2         ( 2.00    -0.5451)  ( 0.00     0.0657)
 B2.u :1...2         ( 2.00    -0.4330)  ( 0.00     0.0801)
 B3.u :1...2         ( 2.00    -0.2483)  ( 0.00     0.4489)

 CYCLE    7
  SDIIS (wt  1.000): -0.0003  0.0002  0.0001  0.0205  0.1112  0.8682
  DIIS coefficients: -0.0003  0.0002  0.0001  0.0205  0.1112  0.8682
 SCF Error: norm([F,P])=      0.000055556778, max([F,P])=      0.000027340121
 orbitals (Q,E):
 ---------------
 A.g :1...3          ( 2.00    -0.6800)  ( 2.00    -0.3790)  ( 0.00     0.0277)
 B2.g :1...1         ( 0.00    -0.0752)
 B3.g :1...2         ( 2.00    -0.3450)  ( 0.00     0.1764)
 B1.u :1...2         ( 2.00    -0.5451)  ( 0.00     0.0657)
 B2.u :1...2         ( 2.00    -0.4330)  ( 0.00     0.0801)
 B3.u :1...2         ( 2.00    -0.2483)  ( 0.00     0.4489)

 CYCLE    8
  SDIIS (wt  1.000): -0.0000  0.0000 -0.0001  0.0006  0.0045  0.0636  0.9314
  DIIS coefficients: -0.0000  0.0000 -0.0001  0.0006  0.0045  0.0636  0.9314
 SCF Error: norm([F,P])=      0.000004333152, max([F,P])=      0.000001831613
 orbitals (Q,E):
 ---------------
 A.g :1...3          ( 2.00    -0.6800)  ( 2.00    -0.3790)  ( 0.00     0.0277)
 B2.g :1...1         ( 0.00    -0.0752)
 B3.g :1...2         ( 2.00    -0.3450)  ( 0.00     0.1764)
 B1.u :1...2         ( 2.00    -0.5451)  ( 0.00     0.0657)
 B2.u :1...2         ( 2.00    -0.4330)  ( 0.00     0.0801)
 B3.u :1...2         ( 2.00    -0.2483)  ( 0.00     0.4489)

 CYCLE    9
  SDIIS (wt  1.000): -0.0000 -0.0000  0.0000  0.0005  0.0146  0.9849
  DIIS coefficients: -0.0000 -0.0000  0.0000  0.0005  0.0146  0.9849
 SCF Error: norm([F,P])=      0.000000282354, max([F,P])=      0.000000120421
 orbitals (Q,E):
 ---------------
 A.g :1...3          ( 2.00    -0.6800)  ( 2.00    -0.3790)  ( 0.00     0.0277)
 B2.g :1...1         ( 0.00    -0.0752)
 B3.g :1...2         ( 2.00    -0.3450)  ( 0.00     0.1764)
 B1.u :1...2         ( 2.00    -0.5451)  ( 0.00     0.0657)
 B2.u :1...2         ( 2.00    -0.4330)  ( 0.00     0.0801)
 B3.u :1...2         ( 2.00    -0.2483)  ( 0.00     0.4489)

 SCF CONVERGED

 CYCLE   10
1
 ***************************************************************************************************



                                                *******************
                                                *  R E S U L T S  *
                                                *******************
  
 *** Setting up for NEW gradients in Focky
 *** Using FIT density in Focky

 Orbital Energies, per Irrep and Spin:
 ======================================
                        Occup              E (au)              E (eV)       Diff (eV) with prev. cycle
                        -----      --------------------        ------       --------------------------
 A.g
               1        2.000     -0.67995634348786E+00       -18.503               2.33E-09
               2        2.000     -0.37899118571007E+00       -10.313               1.99E-09
               3        0.000      0.27669558243063E-01         0.753
               4        0.000      0.47881190111799E+00        13.029
               5        0.000      0.53469432964875E+00        14.550
               6        0.000      0.96238896938889E+00        26.188
 B2.g
               1        0.000     -0.75154210844254E-01        -2.045
               2        0.000      0.59997262610862E+00        16.326
 B3.g
               1        2.000     -0.34496595779608E+00        -9.387               2.07E-09
               2        0.000      0.17641748430618E+00         4.801
               3        0.000      0.84346241720417E+00        22.952
               4        0.000      0.14061760973503E+01        38.264
 B1.u
               1        2.000     -0.54507636633100E+00       -14.832               1.99E-09
               2        0.000      0.65672915338132E-01         1.787
               3        0.000      0.24653032633279E+00         6.708
               4        0.000      0.49223613937443E+00        13.394
               5        0.000      0.90894114870858E+00        24.734
               6        0.000      0.14503669038896E+01        39.466
 B2.u
               1        2.000     -0.43297207167558E+00       -11.782               1.94E-09
               2        0.000      0.80110780139003E-01         2.180
               3        0.000      0.40108214631720E+00        10.914
               4        0.000      0.88416896041067E+00        24.059
 B3.u
               1        2.000     -0.24830413221114E+00        -6.757               3.12E-09
               2        0.000      0.44886538464361E+00        12.214
  
 HOMO :        1 B3.u             -0.24830413221114E+00
 LUMO :        1 B2.g             -0.75154210844254E-01
  


 Orbital Energies, all Irreps
 ========================================

 Irrep        no.  (spin)   Occup              E (au)                E (eV)
 ---------------------------------------------------------------------------
 A.g           1             2.00       -0.67995634348786E+00       -18.5026
 B1.u          1             2.00       -0.54507636633100E+00       -14.8323
 B2.u          1             2.00       -0.43297207167558E+00       -11.7818
 A.g           2             2.00       -0.37899118571007E+00       -10.3129
 B3.g          1             2.00       -0.34496595779608E+00        -9.3870
 B3.u          1             2.00       -0.24830413221114E+00        -6.7567
 B2.g          1             0.00       -0.75154210844254E-01        -2.0451
 A.g           3             0.00        0.27669558243063E-01         0.7529
 B1.u          2             0.00        0.65672915338132E-01         1.7871
 B2.u          2             0.00        0.80110780139003E-01         2.1799
 B3.g          2             0.00        0.17641748430618E+00         4.8006
 B1.u          3             0.00        0.24653032633279E+00         6.7084
 B2.u          3             0.00        0.40108214631720E+00        10.9140
 B3.u          2             0.00        0.44886538464361E+00        12.2142
 A.g           4             0.00        0.47881190111799E+00        13.0291
 B1.u          4             0.00        0.49223613937443E+00        13.3944
 A.g           5             0.00        0.53469432964875E+00        14.5498
 B2.g          2             0.00        0.59997262610862E+00        16.3261
 B3.g          3             0.00        0.84346241720417E+00        22.9518
 B2.u          4             0.00        0.88416896041067E+00        24.0595
 B1.u          5             0.00        0.90894114870858E+00        24.7335
 A.g           6             0.00        0.96238896938889E+00        26.1879
 B3.g          4             0.00        0.14061760973503E+01        38.2640
 B1.u          6             0.00        0.14503669038896E+01        39.4665


 Orbital Energies of the Core Orbitals:
 ======================================
 (Note that the atoms are grouped by atomtype, see the labels, and may hence NOT be in input order)

 AtomType  Orbital  Atom                   E (au)                        E (eV)
 --------  -------  ----           --------------------        ----------------
 C           1S        1          -0.98190959541757E+01                -267.191
                       2          -0.98190959541757E+01                -267.191


 Fit test: (difference of exact and fit density, squared integrated, result summed over spins)
         Sum-of-Fragments:                             0.00000000000371
         Orthogonalized Fragments:                     0.00011896395071
         SCF:                                          0.00082328267228



 ==========================
 Electron Density at Nuclei
 ==========================
  
 The electron density is calculated at points on a small sphere around the center of a nucleus.
 The printed electron density is the average electron density on these points.
 The radius of the sphere is the printed approximate finite nuclear radius.

         Atom        Nuclear Radius (Angstrom)             Electron Density (a.u.)
         ----        -------------------------             -----------------------
     1)   C                 0.0000320678                              124.91102
     2)   C                 0.0000320678                              124.91102
     3)   H                 0.0000181514                                0.48392
     4)   H                 0.0000181514                                0.48392
     5)   H                 0.0000181514                                0.48392
     6)   H                 0.0000181514                                0.48392



 =======================================
 M U L L I K E N   P O P U L A T I O N S
 =======================================
  
 The survey below gives for each atom:
 a) the total charge (Z minus electrons)
 b) the net spin polarization (nr of electrons spin-A minus spin-B)
 c) for each spin the atomic electron valence density (integrated) per L-value.

 Atom              Charge    Spin density          S         P         D         F
 ----              ------    ------------       ------    ------    ------    ------
 1 C              -0.5841                       1.4341    3.1499    0.0000    0.0000
 2 C              -0.5841                       1.4341    3.1499    0.0000    0.0000
 3 H               0.2920                       0.7080    0.0000    0.0000    0.0000
 4 H               0.2920                       0.7080    0.0000    0.0000    0.0000
 5 H               0.2920                       0.7080    0.0000    0.0000    0.0000
 6 H               0.2920                       0.7080    0.0000    0.0000    0.0000

 Populations of individual BAS functions
 ----------------------------------------
 1 C            0.0004  0.6491  0.7846  0.5789  0.5603  0.3380  0.4211  0.6252  0.6264
 2 C            0.0004  0.6491  0.7846  0.5789  0.5603  0.3380  0.4211  0.6252  0.6264
 3 H           -0.2103  0.9183
 4 H           -0.2103  0.9183
 5 H           -0.2103  0.9183
 6 H           -0.2103  0.9183

 Gross Charges per Atom (Z minus electrons)
 ==========================================
            -0.5841   -0.5841    0.2920    0.2920    0.2920    0.2920
 Net Total: -0.00000000


 Atom-Atom Population Matrix (off-diagonal elements not doubled)
 ===============================================================

     1 :     3.4479
     2 :     0.5054    3.4479
     3 :     0.3630   -0.0476    0.4064
     4 :     0.3630   -0.0476   -0.0149    0.4064
     5 :    -0.0476    0.3630   -0.0054    0.0065    0.4064
     6 :    -0.0476    0.3630    0.0065   -0.0054   -0.0149    0.4064



 =================================================
 H I R S H F E L D   C H A R G E   A N A L Y S I S
 =================================================
  
 For each fragment: the (numerical) integral of rho(scf) * rho(fragment)/rho(sum-of-fragments)
 (nuclear charges are included, electrons are counted negative)

 The fragments and their ordering are defined in the early G E O M E T R Y output section.
 If you use single-atom fragments, this usually implies that all atoms of the same
 chemical type are grouped together. This may not be the order in which you listed them
 in the input file!

    1  C                        -0.1018
    2  C                        -0.1018
    3  H                         0.0509
    4  H                         0.0509
    5  H                         0.0509
    6  H                         0.0509

 Sum of these charges (accuracy NumInt/Tails) =           0.00002718



 =============================
 V O R O N O I   C H A R G E S
 =============================
  
 For each atom: the (numerical) integral of the total electronic charge density in its Voronoi cell,
 i.e. the region of space that is closer to that atom than to any other atom.
 (cf. Wigner-Seitz cells in crystals)

 Within the Voronoi cell the subintegrals over the atomic sphere and the remaining part are evaluated
 separately to give the numbers of electrons (negative charge) in these regions.
 The net total charge in the cell (including the nuclear charge) is also given.

 Values are provided for
    a) the Initial (sum-of-fragments) density
    b) the Orthogonalized-Fragments density
    c) the SCF density
    d) the Voronoi Deformation Density (VDD): the difference SCF-Initial for the complete atomic cell


  Atom                Initial                    OrthFrag                   SCF
             Sphere RestCell NetTotal   Sphere RestCell NetTotal   Sphere RestCell NetTotal      VDD
 -----       ------------------------   ------------------------   ------------------------    -----
    1 C      -2.132   -2.808    1.060   -2.248   -2.973    0.779   -2.154   -2.907    0.939   -0.121
    2 C      -2.132   -2.808    1.060   -2.248   -2.973    0.779   -2.154   -2.907    0.939   -0.121
    3 H      -0.071   -1.459   -0.530   -0.091   -1.298   -0.390   -0.105   -1.364   -0.470    0.060
    4 H      -0.071   -1.459   -0.530   -0.091   -1.298   -0.390   -0.105   -1.364   -0.470    0.060
    5 H      -0.071   -1.459   -0.530   -0.091   -1.298   -0.390   -0.105   -1.364   -0.470    0.060
    6 H      -0.071   -1.459   -0.530   -0.091   -1.298   -0.390   -0.105   -1.364   -0.470    0.060
 ---------------------------------------------------------------------------------------------------
 Total NetCharge:               0.000                      0.000                      0.000    0.000
 (accuracy NumInt/Tails)

 Remark: the 'NetTotal' Voronoi charges often do not match the Mulliken and/or Hirshfeld charges very
 well. This is caused by the fact that chemically different atoms are not treated in accordance with
 their relative sizes. (Voronoi cells are defined by boundary planes halfway between the atoms.)
 However, the CHANGES in charge, comparing 'Initial' to 'SCF' for instance, do give a fair indication
 of the flow of charge caused by the relaxation from sum-of-fragments to self-consistency.

 Warning: the absolute accuracy of the VDD charges obtained using the Fuzzy Cells (Becke) integration
 scheme is much poorer than the one obtained with an 'equivalent' Voronoi integration grid. 



 =================================================================
 M U L T I P O L E   D E R I V E D   C H A R G E   A N A L Y S I S
 =================================================================

 This charge analysis uses the atomic multipoles (obtained from the fitted density) up to some level X,
 and reconstructs these multipoles exactly (up to level X) by distributing charges over all atoms.
 This is achieved by using Lagrange multipliers and a weight function to keep the multipoles local.

 Dummy atoms can be included (by setting INCDUM in MDC-block to 1) to obtain a fractional charge.
 This is generally useful and necessary only for small symmetrical molecules, when there are not
 enough degrees of freedom to reconstruct the multipoles.

 Since the atomic multipoles are reconstructed up to level X,
 the molecular multipoles are represented also up to level X.
 The recommended level is to reconstruct up to quadrupole : -> MDC-q charges.

 See: M. Swart, P.Th. van Duijnen, J.G. Snijders, J.Comput.Chem., (2001), p. 79-88.

 ------------------------------------------------------------- 
 Atomic electronic multipole moments from SCF equations (a.u.)
 ------------------------------------------------------------- 

   atom        charge        dip-x     dip-y     dip-z      quad-xx   quad-xy   quad-xz   quad-yy   quad-yz   quad-zz
 --------------------------------------------------------------------------------------------------------------------
    1 C      0.086769    -0.000000  0.000000  0.118112    -1.455267  0.000000  0.000000  0.740599  0.000000  0.714668
    2 C      0.086769    -0.000000 -0.000000 -0.118112    -1.455267  0.000000  0.000000  0.740599  0.000000  0.714668
    3 H     -0.043384     0.000000 -0.004742  0.008581    -0.244651 -0.000000  0.000000  0.209947 -0.092178  0.034703
    4 H     -0.043384    -0.000000  0.004742  0.008581    -0.244651 -0.000000  0.000000  0.209947  0.092178  0.034703
    5 H     -0.043384     0.000000 -0.004742 -0.008581    -0.244651  0.000000  0.000000  0.209947  0.092178  0.034703
    6 H     -0.043384    -0.000000  0.004742 -0.008581    -0.244651  0.000000 -0.000000  0.209947 -0.092178  0.034703

 --------------------------------------- 
 Multipole derived atomic charges (a.u.)
 --------------------------------------- 

 The MDC-m charges are just the Monopole terms in the multipole expansion, while for the MDC-d charges
 also the Dipoles are reconstructed. The usually preferred charges are the MDC-q charges.
 These reconstruct the Monopoles, Dipoles and Quadrupoles (both atomic AND molecular).

        Atom    Level:     MDC-m        MDC-d        MDC-q
 ---------------------------------------------------------
     1     C            0.086769     0.038887    -0.540710
     2     C            0.086769     0.038887    -0.540710
     3     H           -0.043384    -0.019444     0.270355
     4     H           -0.043384    -0.019444     0.270355
     5     H           -0.043384    -0.019444     0.270355
     6     H           -0.043384    -0.019444     0.270355

 ------------------------------------------------ 
 Average absolute deviations in atomic multipoles
 ------------------------------------------------ 

 Stated here are the average differences between the atomic multipoles
 and the reconstructed atomic multipoles (from the distributed charges).
 If these values are not zero, this means there are not enough degrees of freedom,
 to be able to reconstruct the atomic multipoles. (This usually happens only
 for small and/or highly symmetric molecules). If this is the case, one could add
 dummy atoms as extra point charges (and setting INCDUM in MDC-block to 1).

 Level:                                 MDC-d        MDC-q
 ---------------------------------------------------------
 Charge   (a.u.)                       0.0000       0.0000
 Dipole   (Debye)                      0.0000       0.0262
 Quad.    (a.u.)                       0.2291       0.0014

 --------------------------------------- 
 Represented molecular multipole moments
 --------------------------------------- 

 Given here are the Molecular multipole moments from the atomic charges, and from the Fit Density.
 Note that the atomic charges represent the latter, NOT the ones from the Exact density.

            Q (a.u.)             Dipole moment (Debye)                                          Quadrupole moment (a.u.)
                                 x         y         z              xx        xy        xz        yy        yz        zz
------------------------------------------------------------------------------------------------------------------------
MDC-m        -0.0000        0.0000   -0.0000   -0.0000          0.6148    0.0000    0.0000   -0.2025    0.0000   -0.4122
MDC-d        -0.0000        0.0000   -0.0000   -0.0000          0.2755    0.0000    0.0000   -0.0908    0.0000   -0.1848
MDC-q         0.0000        0.0000   -0.0000    0.0000         -3.8311    0.0000    0.0000    1.2622    0.0000    2.5689
 
Fit.Dens.    -0.0000       -0.0000   -0.0000   -0.0000         -3.7200   -0.0000   -0.0000    1.7736    0.0000    1.9463



 =============
 Dipole Moment  ***  (Debye)  ***
 =============
  
 Vector   :         0.00000000      0.00000000     -0.00000000
 Magnitude:         0.00000000

 This molecular dipole moment is calculated with analytic integration



 =========================================
 Quadrupole Moment (Buckingham convention)  ***  (a.u.)  ***
 =========================================
  
      quad-xx        quad-xy        quad-xz        quad-yy        quad-yz        quad-zz
     -3.72659216     0.00000000     0.00000000     1.76682468    -0.00000000     1.95976748

 This molecular quadrupole moment is calculated with analytic integration
1



 ===========================
 B O N D I N G   E N E R G Y  ***  (decomposition)  ***
 ===========================
  
*** IMPORTANT NOTE ***

The bond energy is computed as an energy difference between molecule and
fragments. In particular when the fragments are single atoms, they are usually
computed as SPHERICALLY SYMMETRIC and SPIN-RESTRICTED. Obviously, this usually
does NOT represent the true atomic groundstate.

To obtain the 'real' bond energy, (atomic) correction terms must be applied
for the true (multiplet) fragment ground state. See ref: E.J.Baerends,
V.Branchadell, M.Sodupe, Chem.Phys.Lett.265 (1997) 481

General theoretical background on the bond energy decomposition scheme used
here (Morokuma-Ziegler) can be found in the review paper:
F.M. Bickelhaupt and E.J. Baerends,
"Kohn-Sham Density Functional Theory: Predicting and Understanding Chemistry"
In: Rev. Comput. Chem.; Lipkowitz, K. B. and Boyd, D. B., Eds.;
Wiley-VCH: New York, 2000, Vol. 15, 1-86.

Symbols used in the Bickelhaupt-Baerends (BB) paper are given below to make
the direct connection to that paper, where detailed explanations can be found
on the meaning of the various terms.


                                                   hartree              eV         kcal/mol           kJ/mol
                                      --------------------     -----------       ----------      -----------

Pauli Repulsion
  Kinetic (Delta T^0):                   9.111800834133529        247.9447          5717.74         23923.03
  Delta V^Pauli Coulomb:                -4.628992544470347       -125.9613         -2904.74        -12153.42
  Delta V^Pauli LDA-XC:                 -1.165380585243433        -31.7116          -731.29         -3059.71
                                      --------------------     -----------       ----------      -----------
  Total Pauli Repulsion:                 3.317427704419749         90.2718          2081.72          8709.91
 (Total Pauli Repulsion =
  Delta E^Pauli in BB paper)

Steric Interaction
  Pauli Repulsion (Delta E^Pauli):       3.317427704419749         90.2718          2081.72          8709.91
  Electrostatic Interaction:            -0.549148276854273        -14.9431          -344.60         -1441.79
 (Electrostatic Interaction =
  Delta V_elstat in the BB paper)
                                      --------------------     -----------       ----------      -----------
  Total Steric Interaction:              2.768279427565476         75.3287          1737.12          7268.12
 (Total Steric Interaction =
  Delta E^0 in the BB paper)

Orbital Interactions
  A.g:                                  -1.033135219885954        -28.1130          -648.30         -2712.50
  B2.g:                                  0.057809352137277          1.5731            36.28           151.78
  B3.g:                                 -0.797858133374410        -21.7108          -500.66         -2094.78
  B1.u:                                 -1.005694851316431        -27.3663          -631.08         -2640.45
  B2.u:                                 -0.796570645663088        -21.6758          -499.86         -2091.40
  B3.u:                                 -0.372993440406483        -10.1497          -234.06          -979.29
                                      --------------------     -----------       ----------      -----------
  Total Orbital Interactions:           -3.948442938509091       -107.4426         -2477.69        -10366.64

Alternative Decomposition Orb.Int.
  Kinetic:                              -8.253022011520139       -224.5762         -5178.85        -21668.31
  Coulomb:                               4.127405033625023        112.3124          2589.99         10836.50
  XC:                                    0.177174039386024          4.8212           111.18           465.17
                                      --------------------     -----------       ----------      -----------
  Total Orbital Interactions:           -3.948442938509092       -107.4426         -2477.69        -10366.64

  Residu (E=Steric+OrbInt+Res):         -0.000075327927123         -0.0020            -0.05            -0.20

Total Bonding Energy:                   -1.180238838870738        -32.1159          -740.61         -3098.72


Summary of Bonding Energy (energy terms are taken from the energy decomposition above)
======================================================================================

  Electrostatic Energy:                 -0.549148276854273        -14.9431          -344.60         -1441.79
  Kinetic Energy:                        0.858778822613390         23.3686           538.89          2254.72
  Coulomb (Steric+OrbInt) Energy:       -0.501662838772448        -13.6509          -314.80         -1317.12
  XC Energy:                            -0.988206545857409        -26.8905          -620.11         -2594.54
                                      --------------------     -----------       ----------      -----------
  Total Bonding Energy:                 -1.180238838870739        -32.1159          -740.61         -3098.72


Correction terms (incorporated in energies above; only for test purposes):

1. Indication of fit-quality: 1st-order fit-correction used in the energy (hartree):   0.0000577242
2. Electrostatic (Fit correction):   0.0000000000



 =========================================
 F R A G M E N T   E N E R G Y   T E R M S  ***  (summed over all fragments)  ***
 =========================================
  

The energy terms below are (parts of) the Total Energy of the fragments from which the molecule
 is built.

Exchange and Correlation
  Exchange LDA:                         -9.476539786410621       -257.8698         -5946.62        -24880.65
  Exchange GGA:                          0.000000000000000          0.0000             0.00             0.00
  Correlation LDA:                      -0.900958060537395        -24.5163          -565.36         -2365.47
  Correlation GGA:                       0.000000000000000          0.0000             0.00             0.00
                                      --------------------     -----------       ----------      -----------
  Total XC:                            -10.377497846948016       -282.3861         -6511.98        -27246.12
1



 =======================================================
 S F O   P O P U L A T I O N S ,   M O   A N A L Y S I S
 =======================================================
  
 A Mulliken population analysis is performed on (input-)selected MOs. All populations refer to SFOs.
 BAS populations may have been printed directly after the SCF part.


                                       === A.g ===


 SFO contributions (%) per orbital
 (multiplication by the orbital occupation yields the SFO Gross Populations)

 Orb.:        1      2      3      4      5      6
 occup:     2.00   2.00   0.00   0.00   0.00   0.00
 CF+SFO     ----   ----   ----   ----   ----   ----
 ------
      3:   87.53  -0.05   2.74  14.20   0.01  -4.78
      4:   -0.56   0.61 -25.80   2.74   7.71 114.85
      5:    4.59  74.43  11.67  12.62   0.00  -3.19
      6:   -1.11   2.58  -3.64  24.80  72.08   5.22
      7:   14.55  21.02  77.71   1.59   3.00 -18.22
      8:   -4.99   1.38  37.14  43.80  17.19   5.53


 Summation over all MOs, multiplied by occupation: Total SFO Gross Populations in this Irrep
 ===========================================================================================

     0.00    0.00    1.75    0.00    1.58    0.03    0.71   -0.07


                                       === B2.g ===


 SFO contributions (%) per orbital
 (multiplication by the orbital occupation yields the SFO Gross Populations)

 Orb.:        1      2
 occup:     0.00   0.00
 CF+SFO     ----   ----
 ------
      1:  105.00  -5.00
      2:   -5.00 105.00


 Summation over all MOs, multiplied by occupation: Total SFO Gross Populations in this Irrep
 ===========================================================================================

     0.00    0.00


                                       === B3.g ===


 SFO contributions (%) per orbital
 (multiplication by the orbital occupation yields the SFO Gross Populations)

 Orb.:        1      2      3      4
 occup:     2.00   0.00   0.00   0.00
 CF+SFO     ----   ----   ----   ----
 ------
      1:   48.82  33.58  10.74   6.86
      2:    0.53 -38.74  16.94 121.26
      3:   40.82  83.91  -7.24 -17.49
      4:    9.83  21.25  79.56 -10.64


 Summation over all MOs, multiplied by occupation: Total SFO Gross Populations in this Irrep
 ===========================================================================================

     0.98    0.01    0.82    0.20


                                       === B1.u ===


 SFO contributions (%) per orbital
 (multiplication by the orbital occupation yields the SFO Gross Populations)

 Orb.:        1      2      3      4      5
 occup:     2.00   0.00   0.00   0.00   0.00
 CF+SFO     ----   ----   ----   ----   ----
 ------
      3:   56.60  29.51  12.69  17.92   1.31
      4:   -0.71 -28.09  -7.20  -0.93   7.93
      5:   18.15  -1.05 123.77  -0.81 -23.45
      6:   -2.21   1.61 -37.35  44.60  87.35
      7:   25.52  77.87  18.15   2.02 -21.24
      8:    2.65  20.12 -10.02  37.15  48.09


 Summation over all MOs, multiplied by occupation: Total SFO Gross Populations in this Irrep
 ===========================================================================================

     0.00    0.00    1.13   -0.01    0.36   -0.04    0.51    0.05


                                       === B2.u ===


 SFO contributions (%) per orbital
 (multiplication by the orbital occupation yields the SFO Gross Populations)

 Orb.:        1      2      3      4
 occup:     2.00   0.00   0.00   0.00
 CF+SFO     ----   ----   ----   ----
 ------
      1:   70.66  13.58  22.69  -6.93
      2:   -1.45 -26.45  46.74  81.17
      3:   24.22 101.16   0.69 -26.06
      4:    6.58  11.71  29.88  51.83


 Summation over all MOs, multiplied by occupation: Total SFO Gross Populations in this Irrep
 ===========================================================================================

     1.41   -0.03    0.48    0.13


                                       === B3.u ===


 SFO contributions (%) per orbital
 (multiplication by the orbital occupation yields the SFO Gross Populations)

 Orb.:        1      2
 occup:     2.00   0.00
 CF+SFO     ----   ----
 ------
      1:  100.24  -0.24
      2:   -0.24 100.24


 Summation over all MOs, multiplied by occupation: Total SFO Gross Populations in this Irrep
 ===========================================================================================

     2.00   -0.00



 List of all MOs, ordered by energy, with the most significant SFO gross populations
 ===================================================================================

 Each percentage contribution in the table below corresponds to the indicated SFO.
 In general, a SFO may be a linear combination of several Fragment Orbitals on the same,
 or on symmetry-related Fragments. Only the first 'member' of such a combination is
 specified here. A full definition of all SFOs is given in an earlier part of the output.
 The numbering of the SFOs in this table does NOT include the Core Orbitals, and starts
 from one for each symmetry representation, as in the SFO definition list earlier.

       E(eV)  Occ       MO           %     SFO (first member)   E(eV)  Occ   Fragment
 -------------------------------------------------------------------------------------

     -18.503  2.00     1 A.g       87.53%     1 S             -13.814  2.00     1 C
                                   14.55%     1 S              -6.379  1.00     3 H
                                   -4.99%     2 S              10.964  0.00     3 H
                                    4.59%     1 P:z            -5.600  0.67     1 C
                                   -1.11%     2 P:z            11.757  0.00     1 C
     -14.832  2.00     1 B1.u      56.60%     1 S             -13.814  2.00     1 C
                                   25.52%     1 S              -6.379  1.00     3 H
                                   18.15%     1 P:z            -5.600  0.67     1 C
                                    2.65%     2 S              10.964  0.00     3 H
                                   -2.21%     2 P:z            11.757  0.00     1 C
     -11.782  2.00     1 B2.u      70.66%     1 P:y            -5.600  0.67     1 C
                                   24.22%     1 S              -6.379  1.00     3 H
                                    6.58%     2 S              10.964  0.00     3 H
                                   -1.45%     2 P:y            11.757  0.00     1 C
     -10.313  2.00     2 A.g       74.43%     1 P:z            -5.600  0.67     1 C
                                   21.02%     1 S              -6.379  1.00     3 H
                                    2.58%     2 P:z            11.757  0.00     1 C
                                    1.38%     2 S              10.964  0.00     3 H
      -9.387  2.00     1 B3.g      48.82%     1 P:y            -5.600  0.67     1 C
                                   40.82%     1 S              -6.379  1.00     3 H
                                    9.83%     2 S              10.964  0.00     3 H
      -6.757  2.00     1 B3.u     100.24%     1 P:x            -5.600  0.67     1 C
                                   -0.24%     2 P:x            11.757  0.00     1 C
      -2.045  0.00     1 B2.g     105.00%     1 P:x            -5.600  0.67     1 C
                                   -5.00%     2 P:x            11.757  0.00     1 C
       0.753  0.00     3 A.g       77.71%     1 S              -6.379  1.00     3 H
                                   37.14%     2 S              10.964  0.00     3 H
                                  -25.80%     2 S              12.782  0.00     1 C
                                   11.67%     1 P:z            -5.600  0.67     1 C
                                   -3.64%     2 P:z            11.757  0.00     1 C
                                    2.74%     1 S             -13.814  2.00     1 C
       1.787  0.00     2 B1.u      77.87%     1 S              -6.379  1.00     3 H
                                   29.51%     1 S             -13.814  2.00     1 C
                                  -28.09%     2 S              12.782  0.00     1 C
                                   20.12%     2 S              10.964  0.00     3 H
                                    1.61%     2 P:z            11.757  0.00     1 C
                                   -1.05%     1 P:z            -5.600  0.67     1 C
       2.180  0.00     2 B2.u     101.16%     1 S              -6.379  1.00     3 H
                                  -26.45%     2 P:y            11.757  0.00     1 C
                                   13.58%     1 P:y            -5.600  0.67     1 C
                                   11.71%     2 S              10.964  0.00     3 H



 =======================================================================
 Electrostatic potential at the Nuclei due to electrons and other nuclei
 =======================================================================
  
         Atom                  Potential
         ----                  ---------
     1)   C                  14.69473487
     2)   C                  14.69473487
     3)   H                   1.06020992
     4)   H                   1.06020992
     5)   H                   1.06020992
     6)   H                   1.06020992
 
 
 ========================
 No memory problems found
 ========================
 
 Maximum number of active allocate calls:         626
 
 *******************************************************************************

                             A D F   E X I T
 NORMAL TERMINATION



 =================
 Timing Statistics
 =================
  
 Total Used :                     CPU=        0.87      System=        0.12     Elapsed=        1.30

 Calls  Section                     ( Mean, Percentage )
 ---------------------------------------------------------------------------------------------------
     3  ><      ................      0.00    0.08             0.00    0.75             0.00    0.88
     1  INIT    ................      0.41   47.24             0.07   54.99             0.53   40.74
     1  GEOMET  ................      0.02    2.24             0.02   12.96             0.07    5.09
     1  FRAGM   ................      0.01    1.24             0.01    8.20             0.03    2.44
     1  INPUTA  ................      0.00    0.04             0.00    0.00             0.00    0.02
     1  ATDEN   ................      0.00    0.37             0.00    1.51             0.01    0.41
     1  MAINSY  ................      0.01    0.59             0.00    3.97             0.05    4.20
     1  SYMFIT  ................      0.00    0.11             0.00    0.02             0.00    0.08
     1  CORORT  ................      0.00    0.10             0.00    0.13             0.00    0.37
     1  SYMORB  ................      0.00    0.18             0.00    0.00             0.00    0.13
     1  CLSMAT  ................      0.00    0.56             0.00    0.00             0.01    0.69
     1  ORTHON  ................      0.00    0.50             0.00    0.15             0.01    0.66
     1  GENPT   ................      0.05    6.27             0.00    3.91             0.07    5.23
     1  PTBAS   ................      0.01    1.45             0.00    0.00             0.02    1.32
    10  FOCKY   ................      0.02   22.36             0.00    3.49             0.02   16.65
    10  FOCKTR  ................      0.00    1.07             0.00    0.56             0.00    0.73
    10  SDIIS   ................      0.00    1.49             0.00    0.85             0.01    5.76
     1  COREPS  ................      0.03    2.89             0.00    1.49             0.03    2.25
     1  TOTEN   ................      0.06    7.19             0.00    1.58             0.07    5.33
     1  POPAN   ................      0.00    0.29             0.00    0.00             0.01    0.93
     1  DEBYE   ................      0.00    0.05             0.00    0.00             0.00    0.35
     1  INPUTE  ................      0.00    0.06             0.00    0.00             0.00    0.09
     1  SYMORE  ................      0.00    0.08             0.00    0.00             0.00    0.05
     1  METS    ................      0.00    0.06             0.00    0.00             0.00    0.34
     1  CETS    ................      0.00    0.38             0.00    0.00             0.00    0.25
     1  ELNRGY  ................      0.00    0.45             0.00    0.00             0.00    0.31
     1  POPUL   ................      0.00    0.17             0.00    3.06             0.03    2.29
     1  EXIT PROCEDURE .........      0.02    2.49             0.00    2.36             0.03    2.43


 Currently Open Files (EXIT00)
 ====================

 Unit    Access Format  Status   Type       Ident (file)
 -------------------------------------------------------
   3      SEQ    FORM   TRANSP  NORMAL      LOGFILE
                                          ( /scistor/tc/xsn800/testadfprep/ethene_blyp_transit.logfile )


 Buffered I/O statistics
 =======================
 Memory available:                     67108864
 Number of records fitting in memory:     16131
 Input :   2.4% of                         3353  *4k bytes
 Output:  11.6% of                         2216  *4k bytes
 Records from serial files evicted:           0
                    others evicted:           0
 Hash table lookups:      14999 with          0 conflicts (  0.00%)
